<?xml version="1.0" encoding="UTF-8"?>
<!-- Generated by org.testng.reporters.JUnitXMLReporter -->
<testsuite hostname="DESKTOP-OVVJR1P" ignored="0" name="Tests" tests="2" failures="0" timestamp="28 Aug 2020 01:40:39 GMT" time="0.089" errors="0">
  <testcase name="@BeforeClass OpenApp" time="0.052" classname="tests.BaseTests">
    <failure type="java.lang.IllegalStateException" message="The driver executable does not exist: C:\Users\akaas\Documents\Java Selenium\101\Selenium 102\HOTSTARUSA\.\drivers\chromedriver.exe">
      <![CDATA[java.lang.IllegalStateException: The driver executable does not exist: C:\Users\akaas\Documents\Java Selenium\101\Selenium 102\HOTSTARUSA\.\drivers\chromedriver.exe
at com.google.common.base.Preconditions.checkState(Preconditions.java:585)
at org.openqa.selenium.remote.service.DriverService.checkExecutable(DriverService.java:146)
at org.openqa.selenium.remote.service.DriverService.findExecutable(DriverService.java:141)
at org.openqa.selenium.chrome.ChromeDriverService.access$000(ChromeDriverService.java:35)
at org.openqa.selenium.chrome.ChromeDriverService$Builder.findDefaultExecutable(ChromeDriverService.java:159)
at org.openqa.selenium.remote.service.DriverService$Builder.build(DriverService.java:355)
at org.openqa.selenium.chrome.ChromeDriverService.createDefaultService(ChromeDriverService.java:94)
at org.openqa.selenium.chrome.ChromeDriver.<init>(ChromeDriver.java:123)
at tests.BaseTests.OpenApp(BaseTests.java:40)
... Removed 26 stack frames]]>
    </failure>
  </testcase> <!-- @BeforeClass OpenApp -->
  <testcase name="@BeforeMethod signIn" time="0.0" classname="tests.BaseTests">
    <skipped/>
  </testcase> <!-- @BeforeMethod signIn -->
  <testcase name="@AfterMethod signOut" time="0.0" classname="tests.BaseTests">
    <skipped/>
  </testcase> <!-- @AfterMethod signOut -->
  <testcase name="@AfterClass closeApp" time="0.0" classname="tests.BaseTests">
    <skipped/>
  </testcase> <!-- @AfterClass closeApp -->
  <testcase name="@BeforeClass OpenApp" time="0.004" classname="tests.BaseTests">
    <failure type="java.lang.IllegalStateException" message="The driver executable does not exist: C:\Users\akaas\Documents\Java Selenium\101\Selenium 102\HOTSTARUSA\.\drivers\chromedriver.exe">
      <![CDATA[java.lang.IllegalStateException: The driver executable does not exist: C:\Users\akaas\Documents\Java Selenium\101\Selenium 102\HOTSTARUSA\.\drivers\chromedriver.exe
at com.google.common.base.Preconditions.checkState(Preconditions.java:585)
at org.openqa.selenium.remote.service.DriverService.checkExecutable(DriverService.java:146)
at org.openqa.selenium.remote.service.DriverService.findExecutable(DriverService.java:141)
at org.openqa.selenium.chrome.ChromeDriverService.access$000(ChromeDriverService.java:35)
at org.openqa.selenium.chrome.ChromeDriverService$Builder.findDefaultExecutable(ChromeDriverService.java:159)
at org.openqa.selenium.remote.service.DriverService$Builder.build(DriverService.java:355)
at org.openqa.selenium.chrome.ChromeDriverService.createDefaultService(ChromeDriverService.java:94)
at org.openqa.selenium.chrome.ChromeDriver.<init>(ChromeDriver.java:123)
at tests.BaseTests.OpenApp(BaseTests.java:40)
... Removed 26 stack frames]]>
    </failure>
  </testcase> <!-- @BeforeClass OpenApp -->
  <testcase name="@BeforeMethod signIn" time="0.0" classname="tests.BaseTests">
    <skipped/>
  </testcase> <!-- @BeforeMethod signIn -->
  <testcase name="@AfterMethod signOut" time="0.0" classname="tests.BaseTests">
    <skipped/>
  </testcase> <!-- @AfterMethod signOut -->
  <testcase name="@AfterClass closeApp" time="0.0" classname="tests.BaseTests">
    <skipped/>
  </testcase> <!-- @AfterClass closeApp -->
  <testcase name="clickAllMovies" time="0.0" classname="tests.TC001">
    <skipped/>
  </testcase> <!-- clickAllMovies -->
  <testcase name="clickSports" time="0.0" classname="tests.TC002">
    <skipped/>
  </testcase> <!-- clickSports -->
</testsuite> <!-- Tests -->
